The MPI test test_mpi for C in mode normal failed to compile with the following output:
Change Dir: /scratch/students/users/user1133/top_project0/TOP-project/src/CMakeFiles/CMakeTmp

Run Build Command(s):/usr/bin/gmake -f Makefile cmTC_141cd/fast && gmake: Warning: File 'Makefile' has modification time 22 s in the future
/usr/bin/gmake  -f CMakeFiles/cmTC_141cd.dir/build.make CMakeFiles/cmTC_141cd.dir/build
gmake[1]: Entering directory '/scratch/students/users/user1133/top_project0/TOP-project/src/CMakeFiles/CMakeTmp'
gmake[1]: Warning: File 'CMakeFiles/cmTC_141cd.dir/flags.make' has modification time 22 s in the future
Building C object CMakeFiles/cmTC_141cd.dir/test_mpi.c.o
/usr/bin/cc    -o CMakeFiles/cmTC_141cd.dir/test_mpi.c.o -c /usr/share/cmake-3.22/Modules/FindMPI/test_mpi.c
/usr/share/cmake-3.22/Modules/FindMPI/test_mpi.c:1:10: fatal error: mpi.h: No such file or directory
    1 | #include <mpi.h>
      |          ^~~~~~~
compilation terminated.
gmake[1]: *** [CMakeFiles/cmTC_141cd.dir/build.make:78: CMakeFiles/cmTC_141cd.dir/test_mpi.c.o] Error 1
gmake[1]: Leaving directory '/scratch/students/users/user1133/top_project0/TOP-project/src/CMakeFiles/CMakeTmp'
gmake: *** [Makefile:127: cmTC_141cd/fast] Error 2



The MPI test test_mpi for CXX in mode normal failed to compile with the following output:
Change Dir: /scratch/students/users/user1133/top_project0/TOP-project/src/CMakeFiles/CMakeTmp

Run Build Command(s):/usr/bin/gmake -f Makefile cmTC_652e3/fast && gmake: Warning: File 'Makefile' has modification time 22 s in the future
/usr/bin/gmake  -f CMakeFiles/cmTC_652e3.dir/build.make CMakeFiles/cmTC_652e3.dir/build
gmake[1]: Entering directory '/scratch/students/users/user1133/top_project0/TOP-project/src/CMakeFiles/CMakeTmp'
gmake[1]: Warning: File 'CMakeFiles/cmTC_652e3.dir/flags.make' has modification time 22 s in the future
Building CXX object CMakeFiles/cmTC_652e3.dir/test_mpi.cpp.o
/usr/bin/c++    -o CMakeFiles/cmTC_652e3.dir/test_mpi.cpp.o -c /scratch/students/users/user1133/top_project0/TOP-project/src/CMakeFiles/FindMPI/test_mpi.cpp
/scratch/students/users/user1133/top_project0/TOP-project/src/CMakeFiles/FindMPI/test_mpi.cpp:1:10: fatal error: mpi.h: No such file or directory
    1 | #include <mpi.h>
      |          ^~~~~~~
compilation terminated.
gmake[1]: *** [CMakeFiles/cmTC_652e3.dir/build.make:78: CMakeFiles/cmTC_652e3.dir/test_mpi.cpp.o] Error 1
gmake[1]: Leaving directory '/scratch/students/users/user1133/top_project0/TOP-project/src/CMakeFiles/CMakeTmp'
gmake: *** [Makefile:127: cmTC_652e3/fast] Error 2



